2017-03-30 17:21:20,069  INFO AbstractContextLoader:242 - Could not detect default resource locations for test class [com.didispace.ApplicationTests]: no resource found for suffixes {-context.xml, Context.groovy}.
2017-03-30 17:21:20,085  INFO DefaultTestContextBootstrapper:259 - Loaded default TestExecutionListener class names from location [META-INF/spring.factories]: [org.springframework.test.context.web.ServletTestExecutionListener, org.springframework.test.context.support.DirtiesContextBeforeModesTestExecutionListener, org.springframework.test.context.support.DependencyInjectionTestExecutionListener, org.springframework.test.context.support.DirtiesContextTestExecutionListener, org.springframework.test.context.transaction.TransactionalTestExecutionListener, org.springframework.test.context.jdbc.SqlScriptsTestExecutionListener]
2017-03-30 17:21:20,091  INFO DefaultTestContextBootstrapper:207 - Could not instantiate TestExecutionListener [org.springframework.test.context.transaction.TransactionalTestExecutionListener]. Specify custom listener classes or make the default listener classes (and their required dependencies) available. Offending class: [org/springframework/transaction/interceptor/TransactionAttributeSource]
2017-03-30 17:21:20,092  INFO DefaultTestContextBootstrapper:207 - Could not instantiate TestExecutionListener [org.springframework.test.context.web.ServletTestExecutionListener]. Specify custom listener classes or make the default listener classes (and their required dependencies) available. Offending class: [javax/servlet/ServletContext]
2017-03-30 17:21:20,092  INFO DefaultTestContextBootstrapper:207 - Could not instantiate TestExecutionListener [org.springframework.test.context.jdbc.SqlScriptsTestExecutionListener]. Specify custom listener classes or make the default listener classes (and their required dependencies) available. Offending class: [org/springframework/transaction/interceptor/TransactionAttribute]
2017-03-30 17:21:20,094  INFO DefaultTestContextBootstrapper:185 - Using TestExecutionListeners: [org.springframework.test.context.support.DirtiesContextBeforeModesTestExecutionListener@17b90c55, org.springframework.test.context.support.DependencyInjectionTestExecutionListener@75d8ac9d, org.springframework.test.context.support.DirtiesContextTestExecutionListener@642cb3dc]
2017-03-30 17:21:20,435  INFO ApplicationTests:48 - Starting ApplicationTests on USER-20170203IG with PID 9868 (E:\springboot\Chapter4-2-2\target\test-classes started by Administrator in E:\springboot\Chapter4-2-2)
2017-03-30 17:21:20,436 DEBUG ApplicationTests:51 - Running with Spring Boot v1.3.2.RELEASE, Spring v4.2.4.RELEASE
2017-03-30 17:21:20,436  INFO ApplicationTests:666 - No active profile set, falling back to default profiles: default
2017-03-30 17:21:20,475  INFO AnnotationConfigApplicationContext:578 - Refreshing org.springframework.context.annotation.AnnotationConfigApplicationContext@257b746: startup date [Thu Mar 30 17:21:20 CST 2017]; root of context hierarchy
2017-03-30 17:21:21,078  INFO ApplicationTests:57 - Started ApplicationTests in 0.887 seconds (JVM running for 1.373)
2017-03-30 17:21:21,084  INFO ApplicationTests:18 - 输出info
2017-03-30 17:21:21,084 DEBUG ApplicationTests:19 - 输出debug
2017-03-30 17:21:21,084 ERROR ApplicationTests:20 - 输出error
2017-03-30 17:21:21,086  INFO AnnotationConfigApplicationContext:960 - Closing org.springframework.context.annotation.AnnotationConfigApplicationContext@257b746: startup date [Thu Mar 30 17:21:20 CST 2017]; root of context hierarchy
2017-03-30 17:24:32,495  INFO AbstractContextLoader:242 - Could not detect default resource locations for test class [com.didispace.ApplicationTests]: no resource found for suffixes {-context.xml, Context.groovy}.
2017-03-30 17:24:32,513  INFO DefaultTestContextBootstrapper:259 - Loaded default TestExecutionListener class names from location [META-INF/spring.factories]: [org.springframework.test.context.web.ServletTestExecutionListener, org.springframework.test.context.support.DirtiesContextBeforeModesTestExecutionListener, org.springframework.test.context.support.DependencyInjectionTestExecutionListener, org.springframework.test.context.support.DirtiesContextTestExecutionListener, org.springframework.test.context.transaction.TransactionalTestExecutionListener, org.springframework.test.context.jdbc.SqlScriptsTestExecutionListener]
2017-03-30 17:24:32,520  INFO DefaultTestContextBootstrapper:207 - Could not instantiate TestExecutionListener [org.springframework.test.context.transaction.TransactionalTestExecutionListener]. Specify custom listener classes or make the default listener classes (and their required dependencies) available. Offending class: [org/springframework/transaction/interceptor/TransactionAttributeSource]
2017-03-30 17:24:32,521  INFO DefaultTestContextBootstrapper:207 - Could not instantiate TestExecutionListener [org.springframework.test.context.jdbc.SqlScriptsTestExecutionListener]. Specify custom listener classes or make the default listener classes (and their required dependencies) available. Offending class: [org/springframework/transaction/interceptor/TransactionAttribute]
2017-03-30 17:24:32,521  INFO DefaultTestContextBootstrapper:207 - Could not instantiate TestExecutionListener [org.springframework.test.context.web.ServletTestExecutionListener]. Specify custom listener classes or make the default listener classes (and their required dependencies) available. Offending class: [javax/servlet/ServletContext]
2017-03-30 17:24:32,523  INFO DefaultTestContextBootstrapper:185 - Using TestExecutionListeners: [org.springframework.test.context.support.DirtiesContextBeforeModesTestExecutionListener@5ba5e310, org.springframework.test.context.support.DependencyInjectionTestExecutionListener@67de5e71, org.springframework.test.context.support.DirtiesContextTestExecutionListener@380a81fd]
2017-03-30 17:24:32,973  INFO ApplicationTests:48 - Starting ApplicationTests on USER-20170203IG with PID 10656 (E:\springboot\Chapter4-2-2\target\test-classes started by Administrator in E:\springboot\Chapter4-2-2)
2017-03-30 17:24:32,973 DEBUG ApplicationTests:51 - Running with Spring Boot v1.3.2.RELEASE, Spring v4.2.4.RELEASE
2017-03-30 17:24:32,974  INFO ApplicationTests:666 - No active profile set, falling back to default profiles: default
2017-03-30 17:24:33,012  INFO AnnotationConfigApplicationContext:578 - Refreshing org.springframework.context.annotation.AnnotationConfigApplicationContext@210ad97b: startup date [Thu Mar 30 17:24:33 CST 2017]; root of context hierarchy
2017-03-30 17:24:33,719  INFO ApplicationTests:57 - Started ApplicationTests in 1.093 seconds (JVM running for 1.606)
2017-03-30 17:24:33,726  INFO ApplicationTests:18 - 输出info
2017-03-30 17:24:33,726 DEBUG ApplicationTests:19 - 输出debug
2017-03-30 17:24:33,726 ERROR ApplicationTests:20 - 输出error
2017-03-30 17:24:33,729  INFO AnnotationConfigApplicationContext:960 - Closing org.springframework.context.annotation.AnnotationConfigApplicationContext@210ad97b: startup date [Thu Mar 30 17:24:33 CST 2017]; root of context hierarchy
